c:\users\lc\documents\visual studio 2015\projects\mfcapplication1\mfcapplication1\debug\mfcapplication1.pch
c:\users\lc\documents\visual studio 2015\projects\mfcapplication1\mfcapplication1\debug\vc140.pdb
c:\users\lc\documents\visual studio 2015\projects\mfcapplication1\mfcapplication1\debug\vc140.idb
c:\users\lc\documents\visual studio 2015\projects\mfcapplication1\mfcapplication1\debug\stdafx.obj
c:\users\lc\documents\visual studio 2015\projects\mfcapplication1\mfcapplication1\debug\folderop.obj
c:\users\lc\documents\visual studio 2015\projects\mfcapplication1\mfcapplication1\debug\folderlist.obj
c:\users\lc\documents\visual studio 2015\projects\mfcapplication1\mfcapplication1\debug\mfcapplication1.obj
c:\users\lc\documents\visual studio 2015\projects\mfcapplication1\mfcapplication1\debug\mfcapplication1dlg.obj
c:\users\lc\documents\visual studio 2015\projects\mfcapplication1\debug\mfcapplication1.ilk
c:\users\lc\documents\visual studio 2015\projects\mfcapplication1\debug\mfcapplication1.exe
c:\users\lc\documents\visual studio 2015\projects\mfcapplication1\debug\mfcapplication1.pdb
c:\users\lc\documents\visual studio 2015\projects\mfcapplication1\mfcapplication1\debug\mfcapplication1.res
c:\users\lc\documents\visual studio 2015\projects\mfcapplication1\mfcapplication1\debug\mfcapplication1.tlog\cl.command.1.tlog
c:\users\lc\documents\visual studio 2015\projects\mfcapplication1\mfcapplication1\debug\mfcapplication1.tlog\cl.read.1.tlog
c:\users\lc\documents\visual studio 2015\projects\mfcapplication1\mfcapplication1\debug\mfcapplication1.tlog\cl.write.1.tlog
c:\users\lc\documents\visual studio 2015\projects\mfcapplication1\mfcapplication1\debug\mfcapplication1.tlog\link.command.1.tlog
c:\users\lc\documents\visual studio 2015\projects\mfcapplication1\mfcapplication1\debug\mfcapplication1.tlog\link.read.1.tlog
c:\users\lc\documents\visual studio 2015\projects\mfcapplication1\mfcapplication1\debug\mfcapplication1.tlog\link.write.1.tlog
c:\users\lc\documents\visual studio 2015\projects\mfcapplication1\mfcapplication1\debug\mfcapplication1.tlog\rc.command.1.tlog
c:\users\lc\documents\visual studio 2015\projects\mfcapplication1\mfcapplication1\debug\mfcapplication1.tlog\rc.read.1.tlog
c:\users\lc\documents\visual studio 2015\projects\mfcapplication1\mfcapplication1\debug\mfcapplication1.tlog\rc.write.1.tlog
